<?xml version="1.0" encoding="UTF-8"?>
<testng-results ignored="0" total="1" passed="1" failed="0" skipped="0">
  <reporter-output>
  </reporter-output>
  <suite started-at="2023-09-29T10:45:48 IST" name="Default suite" finished-at="2023-09-29T10:45:54 IST" duration-ms="6324">
    <groups>
    </groups>
    <test started-at="2023-09-29T10:45:48 IST" name="Default test" finished-at="2023-09-29T10:45:54 IST" duration-ms="6324">
      <class name="test.Fbcreatepagetest">
        <test-method is-config="true" signature="setup()[pri:0, instance:test.Fbcreatepagetest@5a45133e]" started-at="2023-09-29T10:45:48 IST" name="setup" finished-at="2023-09-29T10:45:50 IST" duration-ms="2701" status="PASS">
          <reporter-output>
          </reporter-output>
        </test-method> <!-- setup -->
        <test-method signature="test()[pri:0, instance:test.Fbcreatepagetest@5a45133e]" started-at="2023-09-29T10:45:51 IST" name="test" finished-at="2023-09-29T10:45:54 IST" duration-ms="3548" status="PASS">
          <reporter-output>
          </reporter-output>
        </test-method> <!-- test -->
      </class> <!-- test.Fbcreatepagetest -->
    </test> <!-- Default test -->
  </suite> <!-- Default suite -->
</testng-results>
